This is pdfTeX, Version 3.141592653-2.6-1.40.28 (TeX Live 2025) (preloaded format=latex 2025.6.19)  19 JUN 2025 17:14
entering extended mode
 restricted \write18 enabled.
 %&-line parsing enabled.
**\makeatletter\def\HCode{\futurelet\HCode\HChar}\def\HChar{\ifx\HCode\def\HCod
e##1{\Link##1}\expandafter\HCode\else\expandafter\Link\fi}\def\Link#1.a.b.c.{\l
et\HCode\documentstyle\def\documentstyle{\let\documentstyle\HCode\expandafter\d
ef\csname tex4ht\endcsname{#1,html}\def\HCode####1{\documentstyle[tex4ht,}\@ifn
extchar[{\HCode}{\documentstyle[tex4ht]}}\RequirePackage[#1,html]{tex4ht}}\make
atother\HCode xhtml,mathjax,charset=utf-8,html5.a.b.c.\input \detokenize{main.t
ex} > nul 2>&1
(e:/texlive/2025/texmf-dist/tex/generic/tex4ht/tex4ht.sty
version 2025-02-27-12:30
Package: tex4ht 
--------------------------------------
--- Note --- for _ at preamble, use the command line option `early_'
--------------------------------------
--------------------------------------
--- Note --- for ^ at preamble, use the command line option `early^'
--------------------------------------
\tmp:toks=\toks17
) (./main.tex (e:/texlive/2025/texmf-dist/tex/generic/tex4ht/usepackage.4ht
version 2025-05-13-14:10
) (e:/texlive/2025/texmf-dist/tex/latex/base/article.cls
Document Class: article 2025/01/22 v1.4n Standard LaTeX document class
(e:/texlive/2025/texmf-dist/tex/latex/base/size10.clo
File: size10.clo 2025/01/22 v1.4n Standard LaTeX file (size option)
)
\c@part=\count275
\c@section=\count276
\c@subsection=\count277
\c@subsubsection=\count278
\c@paragraph=\count279
\c@subparagraph=\count280
\c@figure=\count281
\c@table=\count282
\abovecaptionskip=\skip49
\belowcaptionskip=\skip50
\bibindent=\dimen148
) (e:/texlive/2025/texmf-dist/tex/latex/graphics/graphicx.sty
Package: graphicx 2024/12/31 v1.2e Enhanced LaTeX Graphics (DPC,SPQR)
(e:/texlive/2025/texmf-dist/tex/latex/graphics/keyval.sty
Package: keyval 2022/05/29 v1.15 key=value parser (DPC)
\KV@toks@=\toks18
) (e:/texlive/2025/texmf-dist/tex/generic/tex4ht/graphics-hooks.4ht
version 2022-08-17-14:25
) (e:/texlive/2025/texmf-dist/tex/latex/graphics/graphics.sty
Package: graphics 2024/08/06 v1.4g Standard LaTeX Graphics (DPC,SPQR)
(e:/texlive/2025/texmf-dist/tex/latex/graphics/trig.sty
Package: trig 2023/12/02 v1.11 sin cos tan (DPC)
) (e:/texlive/2025/texmf-dist/tex/latex/graphics-cfg/graphics.cfg
File: graphics.cfg 2016/06/04 v1.11 sample graphics configuration
)
Package graphics Info: Driver file: dvips.def on input line 106.
(e:/texlive/2025/texmf-dist/tex/latex/graphics-def/dvips.def
File: dvips.def 2022/09/22 v3.1e Graphics/color driver for dvips
))
\Gin@req@height=\dimen149
\Gin@req@width=\dimen150
) (e:/texlive/2025/texmf-dist/tex/latex/amsmath/amsmath.sty
Package: amsmath 2025/06/16 v2.17y AMS math features
\@mathmargin=\skip51
For additional information on amsmath, use the `?' option.
(e:/texlive/2025/texmf-dist/tex/latex/amsmath/amstext.sty
Package: amstext 2024/11/17 v2.01 AMS text
(e:/texlive/2025/texmf-dist/tex/latex/amsmath/amsgen.sty
File: amsgen.sty 1999/11/30 v2.0 generic functions
\@emptytoks=\toks19
\ex@=\dimen151
)) (e:/texlive/2025/texmf-dist/tex/latex/amsmath/amsbsy.sty
Package: amsbsy 1999/11/29 v1.2d Bold Symbols
\pmbraise@=\dimen152
) (e:/texlive/2025/texmf-dist/tex/latex/amsmath/amsopn.sty
Package: amsopn 2022/04/08 v2.04 operator names
)
\inf@bad=\count283
LaTeX Info: Redefining \frac on input line 233.
\uproot@=\count284
\leftroot@=\count285
LaTeX Info: Redefining \overline on input line 398.
LaTeX Info: Redefining \colon on input line 409.
\classnum@=\count286
\DOTSCASE@=\count287
LaTeX Info: Redefining \ldots on input line 495.
LaTeX Info: Redefining \dots on input line 498.
LaTeX Info: Redefining \cdots on input line 619.
\Mathstrutbox@=\box53
\strutbox@=\box54
LaTeX Info: Redefining \big on input line 721.
LaTeX Info: Redefining \Big on input line 722.
LaTeX Info: Redefining \bigg on input line 723.
LaTeX Info: Redefining \Bigg on input line 724.
\big@size=\dimen153
LaTeX Font Info:    Redeclaring font encoding OML on input line 742.
LaTeX Font Info:    Redeclaring font encoding OMS on input line 743.
\macc@depth=\count288
LaTeX Info: Redefining \bmod on input line 904.
LaTeX Info: Redefining \pmod on input line 909.
LaTeX Info: Redefining \smash on input line 939.
LaTeX Info: Redefining \relbar on input line 969.
LaTeX Info: Redefining \Relbar on input line 970.
\c@MaxMatrixCols=\count289
\dotsspace@=\muskip17
\c@parentequation=\count290
\dspbrk@lvl=\count291
\tag@help=\toks20
\row@=\count292
\column@=\count293
\maxfields@=\count294
\andhelp@=\toks21
\eqnshift@=\dimen154
\alignsep@=\dimen155
\tagshift@=\dimen156
\tagwidth@=\dimen157
\totwidth@=\dimen158
\lineht@=\dimen159
\@envbody=\toks22
\multlinegap=\skip52
\multlinetaggap=\skip53
\mathdisplay@stack=\toks23
LaTeX Info: Redefining \[ on input line 2949.
LaTeX Info: Redefining \] on input line 2950.
) (e:/texlive/2025/texmf-dist/tex/generic/tex4ht/tikz-hooks.4ht
version 2024-01-15-14:00
*****************************
TeX4ht info: Using dvisvgm4ht TikZ driver. Put \def \pgfsysdriver {driver-name}
 to your document before use of TikZ if you want to another driver. Use tikz+ o
ption if your TikZ pictures use patterns.
) (e:/texlive/2025/texmf-dist/tex/latex/pgf/frontendlayer/tikz.sty (e:/texlive/
2025/texmf-dist/tex/generic/tex4ht/pgf-hooks.4ht
version 2024-01-15-14:00
) (e:/texlive/2025/texmf-dist/tex/latex/pgf/basiclayer/pgf.sty (e:/texlive/2025
/texmf-dist/tex/latex/pgf/utilities/pgfrcs.sty (e:/texlive/2025/texmf-dist/tex/
generic/pgf/utilities/pgfutil-common.tex
\pgfutil@everybye=\toks24
\pgfutil@tempdima=\dimen160
\pgfutil@tempdimb=\dimen161
) (e:/texlive/2025/texmf-dist/tex/generic/pgf/utilities/pgfutil-latex.def
\pgfutil@abb=\box55
) (e:/texlive/2025/texmf-dist/tex/generic/pgf/utilities/pgfrcs.code.tex (e:/tex
live/2025/texmf-dist/tex/generic/pgf/pgf.revision.tex)
Package: pgfrcs 2023-01-15 v3.1.10 (3.1.10)
))
Package: pgf 2023-01-15 v3.1.10 (3.1.10)
(e:/texlive/2025/texmf-dist/tex/latex/pgf/basiclayer/pgfcore.sty (e:/texlive/20
25/texmf-dist/tex/latex/pgf/systemlayer/pgfsys.sty (e:/texlive/2025/texmf-dist/
tex/generic/pgf/systemlayer/pgfsys.code.tex
Package: pgfsys 2023-01-15 v3.1.10 (3.1.10)
(e:/texlive/2025/texmf-dist/tex/generic/pgf/utilities/pgfkeys.code.tex
\pgfkeys@pathtoks=\toks25
\pgfkeys@temptoks=\toks26

(e:/texlive/2025/texmf-dist/tex/generic/pgf/utilities/pgfkeyslibraryfiltered.co
de.tex
\pgfkeys@tmptoks=\toks27
))
\pgf@x=\dimen162
\pgf@y=\dimen163
\pgf@xa=\dimen164
\pgf@ya=\dimen165
\pgf@xb=\dimen166
\pgf@yb=\dimen167
\pgf@xc=\dimen168
\pgf@yc=\dimen169
\pgf@xd=\dimen170
\pgf@yd=\dimen171
\w@pgf@writea=\write3
\r@pgf@reada=\read2
\c@pgf@counta=\count295
\c@pgf@countb=\count296
\c@pgf@countc=\count297
\c@pgf@countd=\count298
\t@pgf@toka=\toks28
\t@pgf@tokb=\toks29
\t@pgf@tokc=\toks30
\pgf@sys@id@count=\count299
(e:/texlive/2025/texmf-dist/tex/generic/pgf/systemlayer/pgf.cfg
File: pgf.cfg 2023-01-15 v3.1.10 (3.1.10)
)
Driver file for pgf: pgfsys-dvisvgm4ht.def
(e:/texlive/2025/texmf-dist/tex/generic/pgf/systemlayer/pgfsys-dvisvgm4ht.def
File: pgfsys-dvisvgm4ht.def 2023-01-15 v3.1.10 (3.1.10)
(e:/texlive/2025/texmf-dist/tex/generic/pgf/systemlayer/pgfsys-dvips.def
File: pgfsys-dvips.def 2023-01-15 v3.1.10 (3.1.10)

(e:/texlive/2025/texmf-dist/tex/generic/pgf/systemlayer/pgfsys-common-postscrip
t.def
File: pgfsys-common-postscript.def 2023-01-15 v3.1.10 (3.1.10)
\pgf@objectcount=\count300
))))
(e:/texlive/2025/texmf-dist/tex/generic/pgf/systemlayer/pgfsyssoftpath.code.tex
File: pgfsyssoftpath.code.tex 2023-01-15 v3.1.10 (3.1.10)
\pgfsyssoftpath@smallbuffer@items=\count301
\pgfsyssoftpath@bigbuffer@items=\count302
)
(e:/texlive/2025/texmf-dist/tex/generic/pgf/systemlayer/pgfsysprotocol.code.tex
File: pgfsysprotocol.code.tex 2023-01-15 v3.1.10 (3.1.10)
)) (e:/texlive/2025/texmf-dist/tex/generic/tex4ht/xcolor-hooks.4ht
version 2020-10-17-13:53
) (e:/texlive/2025/texmf-dist/tex/latex/xcolor/xcolor.sty
Package: xcolor 2024/09/29 v3.02 LaTeX color extensions (UK)
(e:/texlive/2025/texmf-dist/tex/latex/graphics-cfg/color.cfg
File: color.cfg 2016/01/02 v1.6 sample color configuration
)
Package xcolor Info: Driver file: dvips.def on input line 274.
(e:/texlive/2025/texmf-dist/tex/latex/graphics/mathcolor.ltx)
Package xcolor Info: Model `cmy' substituted by `cmy0' on input line 1349.
Package xcolor Info: Model `RGB' extended on input line 1365.
Package xcolor Info: Model `HTML' substituted by `rgb' on input line 1367.
Package xcolor Info: Model `Hsb' substituted by `hsb' on input line 1368.
Package xcolor Info: Model `tHsb' substituted by `hsb' on input line 1369.
Package xcolor Info: Model `HSB' substituted by `hsb' on input line 1370.
Package xcolor Info: Model `Gray' substituted by `gray' on input line 1371.
Package xcolor Info: Model `wave' substituted by `hsb' on input line 1372.
) (e:/texlive/2025/texmf-dist/tex/generic/pgf/basiclayer/pgfcore.code.tex
Package: pgfcore 2023-01-15 v3.1.10 (3.1.10)
(e:/texlive/2025/texmf-dist/tex/generic/pgf/math/pgfmath.code.tex (e:/texlive/2
025/texmf-dist/tex/generic/pgf/math/pgfmathutil.code.tex) (e:/texlive/2025/texm
f-dist/tex/generic/pgf/math/pgfmathparser.code.tex
\pgfmath@dimen=\dimen172
\pgfmath@count=\count303
\pgfmath@box=\box56
\pgfmath@toks=\toks31
\pgfmath@stack@operand=\toks32
\pgfmath@stack@operation=\toks33
) (e:/texlive/2025/texmf-dist/tex/generic/pgf/math/pgfmathfunctions.code.tex)
(e:/texlive/2025/texmf-dist/tex/generic/pgf/math/pgfmathfunctions.basic.code.te
x)
(e:/texlive/2025/texmf-dist/tex/generic/pgf/math/pgfmathfunctions.trigonometric
.code.tex)
(e:/texlive/2025/texmf-dist/tex/generic/pgf/math/pgfmathfunctions.random.code.t
ex)
(e:/texlive/2025/texmf-dist/tex/generic/pgf/math/pgfmathfunctions.comparison.co
de.tex)
(e:/texlive/2025/texmf-dist/tex/generic/pgf/math/pgfmathfunctions.base.code.tex
)
(e:/texlive/2025/texmf-dist/tex/generic/pgf/math/pgfmathfunctions.round.code.te
x)
(e:/texlive/2025/texmf-dist/tex/generic/pgf/math/pgfmathfunctions.misc.code.tex
)
(e:/texlive/2025/texmf-dist/tex/generic/pgf/math/pgfmathfunctions.integerarithm
etics.code.tex) (e:/texlive/2025/texmf-dist/tex/generic/pgf/math/pgfmathcalc.co
de.tex) (e:/texlive/2025/texmf-dist/tex/generic/pgf/math/pgfmathfloat.code.tex
\c@pgfmathroundto@lastzeros=\count304
)) (e:/texlive/2025/texmf-dist/tex/generic/pgf/math/pgfint.code.tex) (e:/texliv
e/2025/texmf-dist/tex/generic/pgf/basiclayer/pgfcorepoints.code.tex
File: pgfcorepoints.code.tex 2023-01-15 v3.1.10 (3.1.10)
\pgf@picminx=\dimen173
\pgf@picmaxx=\dimen174
\pgf@picminy=\dimen175
\pgf@picmaxy=\dimen176
\pgf@pathminx=\dimen177
\pgf@pathmaxx=\dimen178
\pgf@pathminy=\dimen179
\pgf@pathmaxy=\dimen180
\pgf@xx=\dimen181
\pgf@xy=\dimen182
\pgf@yx=\dimen183
\pgf@yy=\dimen184
\pgf@zx=\dimen185
\pgf@zy=\dimen186
)
(e:/texlive/2025/texmf-dist/tex/generic/pgf/basiclayer/pgfcorepathconstruct.cod
e.tex
File: pgfcorepathconstruct.code.tex 2023-01-15 v3.1.10 (3.1.10)
\pgf@path@lastx=\dimen187
\pgf@path@lasty=\dimen188
)
(e:/texlive/2025/texmf-dist/tex/generic/pgf/basiclayer/pgfcorepathusage.code.te
x
File: pgfcorepathusage.code.tex 2023-01-15 v3.1.10 (3.1.10)
\pgf@shorten@end@additional=\dimen189
\pgf@shorten@start@additional=\dimen190
) (e:/texlive/2025/texmf-dist/tex/generic/pgf/basiclayer/pgfcorescopes.code.tex
File: pgfcorescopes.code.tex 2023-01-15 v3.1.10 (3.1.10)
\pgfpic=\box57
\pgf@hbox=\box58
\pgf@layerbox@main=\box59
\pgf@picture@serial@count=\count305
)
(e:/texlive/2025/texmf-dist/tex/generic/pgf/basiclayer/pgfcoregraphicstate.code
.tex
File: pgfcoregraphicstate.code.tex 2023-01-15 v3.1.10 (3.1.10)
\pgflinewidth=\dimen191
)
(e:/texlive/2025/texmf-dist/tex/generic/pgf/basiclayer/pgfcoretransformations.c
ode.tex
File: pgfcoretransformations.code.tex 2023-01-15 v3.1.10 (3.1.10)
\pgf@pt@x=\dimen192
\pgf@pt@y=\dimen193
\pgf@pt@temp=\dimen194
) (e:/texlive/2025/texmf-dist/tex/generic/pgf/basiclayer/pgfcorequick.code.tex
File: pgfcorequick.code.tex 2023-01-15 v3.1.10 (3.1.10)
) (e:/texlive/2025/texmf-dist/tex/generic/pgf/basiclayer/pgfcoreobjects.code.te
x
File: pgfcoreobjects.code.tex 2023-01-15 v3.1.10 (3.1.10)
)
(e:/texlive/2025/texmf-dist/tex/generic/pgf/basiclayer/pgfcorepathprocessing.co
de.tex
File: pgfcorepathprocessing.code.tex 2023-01-15 v3.1.10 (3.1.10)
) (e:/texlive/2025/texmf-dist/tex/generic/pgf/basiclayer/pgfcorearrows.code.tex
File: pgfcorearrows.code.tex 2023-01-15 v3.1.10 (3.1.10)
\pgfarrowsep=\dimen195
) (e:/texlive/2025/texmf-dist/tex/generic/pgf/basiclayer/pgfcoreshade.code.tex
File: pgfcoreshade.code.tex 2023-01-15 v3.1.10 (3.1.10)
\pgf@max=\dimen196
\pgf@sys@shading@range@num=\count306
\pgf@shadingcount=\count307
) (e:/texlive/2025/texmf-dist/tex/generic/pgf/basiclayer/pgfcoreimage.code.tex
File: pgfcoreimage.code.tex 2023-01-15 v3.1.10 (3.1.10)
)
(e:/texlive/2025/texmf-dist/tex/generic/pgf/basiclayer/pgfcoreexternal.code.tex
File: pgfcoreexternal.code.tex 2023-01-15 v3.1.10 (3.1.10)
\pgfexternal@startupbox=\box60
) (e:/texlive/2025/texmf-dist/tex/generic/pgf/basiclayer/pgfcorelayers.code.tex
File: pgfcorelayers.code.tex 2023-01-15 v3.1.10 (3.1.10)
)
(e:/texlive/2025/texmf-dist/tex/generic/pgf/basiclayer/pgfcoretransparency.code
.tex
File: pgfcoretransparency.code.tex 2023-01-15 v3.1.10 (3.1.10)
)
(e:/texlive/2025/texmf-dist/tex/generic/pgf/basiclayer/pgfcorepatterns.code.tex
File: pgfcorepatterns.code.tex 2023-01-15 v3.1.10 (3.1.10)
) (e:/texlive/2025/texmf-dist/tex/generic/pgf/basiclayer/pgfcorerdf.code.tex
File: pgfcorerdf.code.tex 2023-01-15 v3.1.10 (3.1.10)
))) (e:/texlive/2025/texmf-dist/tex/generic/pgf/modules/pgfmoduleshapes.code.te
x
File: pgfmoduleshapes.code.tex 2023-01-15 v3.1.10 (3.1.10)
\pgfnodeparttextbox=\box61
) (e:/texlive/2025/texmf-dist/tex/generic/pgf/modules/pgfmoduleplot.code.tex
File: pgfmoduleplot.code.tex 2023-01-15 v3.1.10 (3.1.10)
)
(e:/texlive/2025/texmf-dist/tex/latex/pgf/compatibility/pgfcomp-version-0-65.st
y
Package: pgfcomp-version-0-65 2023-01-15 v3.1.10 (3.1.10)
\pgf@nodesepstart=\dimen197
\pgf@nodesepend=\dimen198
)
(e:/texlive/2025/texmf-dist/tex/latex/pgf/compatibility/pgfcomp-version-1-18.st
y
Package: pgfcomp-version-1-18 2023-01-15 v3.1.10 (3.1.10)
)) (e:/texlive/2025/texmf-dist/tex/latex/pgf/utilities/pgffor.sty (e:/texlive/2
025/texmf-dist/tex/latex/pgf/utilities/pgfkeys.sty (e:/texlive/2025/texmf-dist/
tex/generic/pgf/utilities/pgfkeys.code.tex)) (e:/texlive/2025/texmf-dist/tex/la
tex/pgf/math/pgfmath.sty (e:/texlive/2025/texmf-dist/tex/generic/pgf/math/pgfma
th.code.tex)) (e:/texlive/2025/texmf-dist/tex/generic/pgf/utilities/pgffor.code
.tex
Package: pgffor 2023-01-15 v3.1.10 (3.1.10)
\pgffor@iter=\dimen199
\pgffor@skip=\dimen256
\pgffor@stack=\toks34
\pgffor@toks=\toks35
)) (e:/texlive/2025/texmf-dist/tex/generic/pgf/frontendlayer/tikz/tikz.code.tex
Package: tikz 2023-01-15 v3.1.10 (3.1.10)

(e:/texlive/2025/texmf-dist/tex/generic/pgf/libraries/pgflibraryplothandlers.co
de.tex
File: pgflibraryplothandlers.code.tex 2023-01-15 v3.1.10 (3.1.10)
\pgf@plot@mark@count=\count308
\pgfplotmarksize=\dimen257
)
\tikz@lastx=\dimen258
\tikz@lasty=\dimen259
\tikz@lastxsaved=\dimen260
\tikz@lastysaved=\dimen261
\tikz@lastmovetox=\dimen262
\tikz@lastmovetoy=\dimen263
\tikzleveldistance=\dimen264
\tikzsiblingdistance=\dimen265
\tikz@figbox=\box62
\tikz@figbox@bg=\box63
\tikz@tempbox=\box64
\tikz@tempbox@bg=\box65
\tikztreelevel=\count309
\tikznumberofchildren=\count310
\tikznumberofcurrentchild=\count311
\tikz@fig@count=\count312
(e:/texlive/2025/texmf-dist/tex/generic/pgf/modules/pgfmodulematrix.code.tex
File: pgfmodulematrix.code.tex 2023-01-15 v3.1.10 (3.1.10)
\pgfmatrixcurrentrow=\count313
\pgfmatrixcurrentcolumn=\count314
\pgf@matrix@numberofcolumns=\count315
)
\tikz@expandcount=\count316

(e:/texlive/2025/texmf-dist/tex/generic/pgf/frontendlayer/tikz/libraries/tikzli
brarytopaths.code.tex
File: tikzlibrarytopaths.code.tex 2023-01-15 v3.1.10 (3.1.10)
))) (e:/texlive/2025/texmf-dist/tex/generic/tex4ht/biblatex-hooks.4ht
version 2021-11-05-15:12
) (e:/texlive/2025/texmf-dist/tex/latex/biblatex/biblatex.sty
Package: biblatex 2024/03/21 v3.20 programmable bibliographies (PK/MW)
(e:/texlive/2025/texmf-dist/tex/generic/pdftexcmds/pdftexcmds.sty
Package: pdftexcmds 2020-06-27 v0.33 Utility functions of pdfTeX for LuaTeX (HO
)
(e:/texlive/2025/texmf-dist/tex/generic/infwarerr/infwarerr.sty
Package: infwarerr 2019/12/03 v1.5 Providing info/warning/error messages (HO)
) (e:/texlive/2025/texmf-dist/tex/generic/iftex/iftex.sty
Package: iftex 2024/12/12 v1.0g TeX engine tests
) (e:/texlive/2025/texmf-dist/tex/generic/ltxcmds/ltxcmds.sty
Package: ltxcmds 2023-12-04 v1.26 LaTeX kernel commands for general use (HO)
)
Package pdftexcmds Info: \pdf@primitive is available.
Package pdftexcmds Info: \pdf@ifprimitive is available.
Package pdftexcmds Info: \pdfdraftmode is ignored in DVI mode.
) (e:/texlive/2025/texmf-dist/tex/latex/etoolbox/etoolbox.sty
Package: etoolbox 2025/02/11 v2.5l e-TeX tools for LaTeX (JAW)
\etb@tempcnta=\count317
) (e:/texlive/2025/texmf-dist/tex/latex/kvoptions/kvoptions.sty
Package: kvoptions 2022-06-15 v3.15 Key value format for package options (HO)
(e:/texlive/2025/texmf-dist/tex/latex/kvsetkeys/kvsetkeys.sty
Package: kvsetkeys 2022-10-05 v1.19 Key value parser (HO)
)) (e:/texlive/2025/texmf-dist/tex/latex/logreq/logreq.sty
Package: logreq 2010/08/04 v1.0 xml request logger
\lrq@indent=\count318
(e:/texlive/2025/texmf-dist/tex/latex/logreq/logreq.def
File: logreq.def 2010/08/04 v1.0 logreq spec v1.0
)) (e:/texlive/2025/texmf-dist/tex/latex/base/ifthen.sty
Package: ifthen 2024/03/16 v1.1e Standard LaTeX ifthen package (DPC)
) (e:/texlive/2025/texmf-dist/tex/latex/url/url.sty
\Urlmuskip=\muskip18
Package: url 2013/09/16  ver 3.4  Verb mode for urls, etc.
)
\c@tabx@nest=\count319
\c@listtotal=\count320
\c@listcount=\count321
\c@liststart=\count322
\c@liststop=\count323
\c@citecount=\count324
\c@citetotal=\count325
\c@multicitecount=\count326
\c@multicitetotal=\count327
\c@instcount=\count328
\c@maxnames=\count329
\c@minnames=\count330
\c@maxitems=\count331
\c@minitems=\count332
\c@citecounter=\count333
\c@maxcitecounter=\count334
\c@savedcitecounter=\count335
\c@uniquelist=\count336
\c@uniquename=\count337
\c@refsection=\count338
\c@refsegment=\count339
\c@maxextratitle=\count340
\c@maxextratitleyear=\count341
\c@maxextraname=\count342
\c@maxextradate=\count343
\c@maxextraalpha=\count344
\c@abbrvpenalty=\count345
\c@highnamepenalty=\count346
\c@lownamepenalty=\count347
\c@maxparens=\count348
\c@parenlevel=\count349
\blx@tempcnta=\count350
\blx@tempcntb=\count351
\blx@tempcntc=\count352
\c@blx@maxsection=\count353
\blx@maxsegment@0=\count354
\blx@notetype=\count355
\blx@parenlevel@text=\count356
\blx@parenlevel@foot=\count357
\blx@sectionciteorder@0=\count358
\blx@sectionciteorderinternal@0=\count359
\blx@entrysetcounter=\count360
\blx@biblioinstance=\count361
\labelnumberwidth=\skip54
\labelalphawidth=\skip55
\biblabelsep=\skip56
\bibitemsep=\skip57
\bibnamesep=\skip58
\bibinitsep=\skip59
\bibparsep=\skip60
\bibhang=\skip61
\blx@bcfin=\read3
\blx@bcfout=\write4
\blx@langwohyphens=\language90
\c@mincomprange=\count362
\c@maxcomprange=\count363
\c@mincompwidth=\count364
Package biblatex Info: Trying to load biblatex default data model...
Package biblatex Info: ... file 'blx-dm.def' found.
(e:/texlive/2025/texmf-dist/tex/latex/biblatex/blx-dm.def
File: blx-dm.def 2024/03/21 v3.20 biblatex datamodel (PK/MW)
)
Package biblatex Info: Trying to load biblatex custom data model...
Package biblatex Info: ... file 'biblatex-dm.cfg' not found.
\c@afterword=\count365
\c@savedafterword=\count366
\c@annotator=\count367
\c@savedannotator=\count368
\c@author=\count369
\c@savedauthor=\count370
\c@bookauthor=\count371
\c@savedbookauthor=\count372
\c@commentator=\count373
\c@savedcommentator=\count374
\c@editor=\count375
\c@savededitor=\count376
\c@editora=\count377
\c@savededitora=\count378
\c@editorb=\count379
\c@savededitorb=\count380
\c@editorc=\count381
\c@savededitorc=\count382
\c@foreword=\count383
\c@savedforeword=\count384
\c@holder=\count385
\c@savedholder=\count386
\c@introduction=\count387
\c@savedintroduction=\count388
\c@namea=\count389
\c@savednamea=\count390
\c@nameb=\count391
\c@savednameb=\count392
\c@namec=\count393
\c@savednamec=\count394
\c@translator=\count395
\c@savedtranslator=\count396
\c@shortauthor=\count397
\c@savedshortauthor=\count398
\c@shorteditor=\count399
\c@savedshorteditor=\count400
\c@labelname=\count401
\c@savedlabelname=\count402
\c@institution=\count403
\c@savedinstitution=\count404
\c@lista=\count405
\c@savedlista=\count406
\c@listb=\count407
\c@savedlistb=\count408
\c@listc=\count409
\c@savedlistc=\count410
\c@listd=\count411
\c@savedlistd=\count412
\c@liste=\count413
\c@savedliste=\count414
\c@listf=\count415
\c@savedlistf=\count416
\c@location=\count417
\c@savedlocation=\count418
\c@organization=\count419
\c@savedorganization=\count420
\c@origlocation=\count421
\c@savedoriglocation=\count422
\c@origpublisher=\count423
\c@savedorigpublisher=\count424
\c@publisher=\count425
\c@savedpublisher=\count426
\c@language=\count427
\c@savedlanguage=\count428
\c@origlanguage=\count429
\c@savedoriglanguage=\count430
\c@pageref=\count431
\c@savedpageref=\count432
\shorthandwidth=\skip62
\shortjournalwidth=\skip63
\shortserieswidth=\skip64
\shorttitlewidth=\skip65
\shortauthorwidth=\skip66
\shorteditorwidth=\skip67
\locallabelnumberwidth=\skip68
\locallabelalphawidth=\skip69
\localshorthandwidth=\skip70
\localshortjournalwidth=\skip71
\localshortserieswidth=\skip72
\localshorttitlewidth=\skip73
\localshortauthorwidth=\skip74
\localshorteditorwidth=\skip75
Package biblatex Info: Trying to load compatibility code...
Package biblatex Info: ... file 'blx-compat.def' found.
(e:/texlive/2025/texmf-dist/tex/latex/biblatex/blx-compat.def
File: blx-compat.def 2024/03/21 v3.20 biblatex compatibility (PK/MW)
)
Package biblatex Info: Trying to load generic definitions...
Package biblatex Info: ... file 'biblatex.def' found.
(e:/texlive/2025/texmf-dist/tex/latex/biblatex/biblatex.def
File: biblatex.def 2024/03/21 v3.20 biblatex compatibility (PK/MW)
\c@textcitecount=\count433
\c@textcitetotal=\count434
\c@textcitemaxnames=\count435
\c@biburlbigbreakpenalty=\count436
\c@biburlbreakpenalty=\count437
\c@biburlnumpenalty=\count438
\c@biburlucpenalty=\count439
\c@biburllcpenalty=\count440
\biburlbigskip=\muskip19
\biburlnumskip=\muskip20
\biburlucskip=\muskip21
\biburllcskip=\muskip22
\c@smartand=\count441
)
Package biblatex Info: Trying to load bibliography style 'numeric'...
Package biblatex Info: ... file 'numeric.bbx' found.
(e:/texlive/2025/texmf-dist/tex/latex/biblatex/bbx/numeric.bbx
File: numeric.bbx 2024/03/21 v3.20 biblatex bibliography style (PK/MW)
Package biblatex Info: Trying to load bibliography style 'standard'...
Package biblatex Info: ... file 'standard.bbx' found.
(e:/texlive/2025/texmf-dist/tex/latex/biblatex/bbx/standard.bbx
File: standard.bbx 2024/03/21 v3.20 biblatex bibliography style (PK/MW)
\c@bbx:relatedcount=\count442
\c@bbx:relatedtotal=\count443
))
Package biblatex Info: Trying to load citation style 'numeric'...
Package biblatex Info: ... file 'numeric.cbx' found.
(e:/texlive/2025/texmf-dist/tex/latex/biblatex/cbx/numeric.cbx
File: numeric.cbx 2024/03/21 v3.20 biblatex citation style (PK/MW)
Package biblatex Info: Redefining '\cite'.
Package biblatex Info: Redefining '\parencite'.
Package biblatex Info: Redefining '\footcite'.
Package biblatex Info: Redefining '\footcitetext'.
Package biblatex Info: Redefining '\smartcite'.
Package biblatex Info: Redefining '\supercite'.
Package biblatex Info: Redefining '\textcite'.
Package biblatex Info: Redefining '\textcites'.
Package biblatex Info: Redefining '\cites'.
Package biblatex Info: Redefining '\parencites'.
Package biblatex Info: Redefining '\smartcites'.
)
Package biblatex Info: Trying to load configuration file...
Package biblatex Info: ... file 'biblatex.cfg' found.
(e:/texlive/2025/texmf-dist/tex/latex/biblatex/biblatex.cfg
File: biblatex.cfg 
)
Package biblatex Info: Input encoding 'utf8' detected.
Package biblatex Info: Document encoding is UTF8 ....
(e:/texlive/2025/texmf-dist/tex/generic/tex4ht/expl3-hooks.4ht
version 2020-10-17-13:53
) (e:/texlive/2025/texmf-dist/tex/latex/l3kernel/expl3.sty
Package: expl3 2025-05-26 L3 programming layer (loader) 
(e:/texlive/2025/texmf-dist/tex/latex/l3backend/l3backend-dvips.def
File: l3backend-dvips.def 2025-04-14 L3 backend support: dvips
\l__pdfannot_backend_content_box=\box66
\l__pdfannot_backend_model_box=\box67
\g__pdfannot_backend_int=\count444
\g__pdfannot_backend_link_int=\count445
\g__pdfannot_backend_link_sf_int=\count446
))
Package biblatex Info: ... and expl3
(biblatex)             2025-05-26 L3 programming layer (loader) 
(biblatex)             is new enough (at least 2020/04/06),
(biblatex)             setting 'casechanger=expl3'.
(e:/texlive/2025/texmf-dist/tex/latex/biblatex/blx-case-expl3.sty (e:/texlive/2
025/texmf-dist/tex/generic/tex4ht/expl3-hooks.4ht
version 2020-10-17-13:53
) (e:/texlive/2025/texmf-dist/tex/latex/l3packages/xparse/xparse.sty (e:/texliv
e/2025/texmf-dist/tex/generic/tex4ht/expl3-hooks.4ht
version 2020-10-17-13:53
)
Package: xparse 2024-08-16 L3 Experimental document command parser
)
Package: blx-case-expl3 2024/03/21 v3.20 expl3 case changing code for biblatex
)) (e:/texlive/2025/texmf-dist/tex/generic/tex4ht/hyperref-hooks.4ht
version 2023-09-17-08:01
) (e:/texlive/2025/texmf-dist/tex/latex/hyperref/hyperref.sty
Package: hyperref 2025-05-20 v7.01m Hypertext links for LaTeX
(e:/texlive/2025/texmf-dist/tex/generic/kvdefinekeys/kvdefinekeys.sty
Package: kvdefinekeys 2019-12-19 v1.6 Define keys (HO)
) (e:/texlive/2025/texmf-dist/tex/generic/pdfescape/pdfescape.sty
Package: pdfescape 2019/12/09 v1.15 Implements pdfTeX's escape features (HO)
) (e:/texlive/2025/texmf-dist/tex/latex/hycolor/hycolor.sty
Package: hycolor 2020-01-27 v1.10 Color options for hyperref/bookmark (HO)
) (e:/texlive/2025/texmf-dist/tex/latex/hyperref/nameref.sty
Package: nameref 2023-11-26 v2.56 Cross-referencing by name of section
(e:/texlive/2025/texmf-dist/tex/latex/refcount/refcount.sty
Package: refcount 2019/12/15 v3.6 Data extraction from label references (HO)
) (e:/texlive/2025/texmf-dist/tex/generic/gettitlestring/gettitlestring.sty
Package: gettitlestring 2019/12/15 v1.6 Cleanup title references (HO)
)
\c@section@level=\count447
) (e:/texlive/2025/texmf-dist/tex/generic/stringenc/stringenc.sty
Package: stringenc 2019/11/29 v1.12 Convert strings between diff. encodings (HO
)
)
\@linkdim=\dimen266
\Hy@linkcounter=\count448
\Hy@pagecounter=\count449
(e:/texlive/2025/texmf-dist/tex/latex/hyperref/pd1enc.def
File: pd1enc.def 2025-05-20 v7.01m Hyperref: PDFDocEncoding definition (HO)
Now handling font encoding PD1 ...
... no UTF-8 mapping file for font encoding PD1
) (e:/texlive/2025/texmf-dist/tex/generic/intcalc/intcalc.sty
Package: intcalc 2019/12/15 v1.3 Expandable calculations with integers (HO)
)
\Hy@SavedSpaceFactor=\count450
(e:/texlive/2025/texmf-dist/tex/latex/hyperref/puenc.def
File: puenc.def 2025-05-20 v7.01m Hyperref: PDF Unicode definition (HO)
Now handling font encoding PU ...
... no UTF-8 mapping file for font encoding PU
)
Package hyperref Info: Option `colorlinks' set `true' on input line 4040.
Package hyperref Info: Hyper figures OFF on input line 4157.
Package hyperref Info: Link nesting OFF on input line 4162.
Package hyperref Info: Hyper index ON on input line 4165.
Package hyperref Info: Plain pages OFF on input line 4172.
Package hyperref Info: Backreferencing OFF on input line 4177.
Package hyperref Info: Implicit mode ON; LaTeX internals redefined.
Package hyperref Info: Bookmarks ON on input line 4424.
\c@Hy@tempcnt=\count451
LaTeX Info: Redefining \url on input line 4763.
\XeTeXLinkMargin=\dimen267
(e:/texlive/2025/texmf-dist/tex/generic/bitset/bitset.sty
Package: bitset 2019/12/09 v1.3 Handle bit-vector datatype (HO)
(e:/texlive/2025/texmf-dist/tex/generic/bigintcalc/bigintcalc.sty
Package: bigintcalc 2019/12/15 v1.5 Expandable calculations on big integers (HO
)
))
\Fld@menulength=\count452
\Field@Width=\dimen268
\Fld@charsize=\dimen269
\Field@toks=\toks36
Package hyperref Info: Hyper figures OFF on input line 6042.
Package hyperref Info: Link nesting OFF on input line 6047.
Package hyperref Info: Hyper index ON on input line 6050.
Package hyperref Info: backreferencing OFF on input line 6057.
Package hyperref Info: Link coloring ON on input line 6060.
Package hyperref Info: Link coloring with OCG OFF on input line 6067.
Package hyperref Info: PDF/A mode OFF on input line 6072.
(e:/texlive/2025/texmf-dist/tex/latex/base/atbegshi-ltx.sty
Package: atbegshi-ltx 2021/01/10 v1.0c Emulation of the original atbegshi
package with kernel methods
)
\Hy@abspage=\count453

Package hyperref Message: Stopped early.

)
Package hyperref Info: Driver: htex4ht.
(e:/texlive/2025/texmf-dist/tex/latex/hyperref/htex4ht.def
File: htex4ht.def 2025-05-20 v7.01m Hyperref driver for TeX4ht
Package hyperref Info: tex4ht is already loaded.
) (e:/texlive/2025/texmf-dist/tex/generic/tex4ht/tex4ht.4ht
version 2025-02-09-08:05
--------------------------------------
--- Note --- for additional information, use the command line option `info'
--------------------------------------
::::::::::::::::::::::::::::::::::::::::::
 TeX4ht info is available in the log file 
::::::::::::::::::::::::::::::::::::::::::
) (e:/texlive/2025/texmf-dist/tex/generic/tex4ht/tex4ht.sty
version 2025-02-27-12:30
l.875 --- TeX4ht warning --- nonprimitive \everypar ---
--- needs --- tex4ht main ---
\tmp:cnt=\count454
\openout15 = `main.tmp'.

(./main.tmp)
\tmp:dim=\skip76
(./main.xref)
\:refout=\write5
\openout5 = `main.xref'.

(e:/texlive/2025/texmf-dist/tex/generic/tex4ht/html4.4ht
version 2025-06-17-13:24
--------------------------------------
--- Note --- to remove the <?xml version=...?> processing instruction use the c
ommand line option `no-VERSION'
--------------------------------------
--------------------------------------
--- Note --- to remove the DOCTYPE declaration use the command line option `no-
DOCTYPE'
--------------------------------------
) (e:/texlive/2025/texmf-dist/tex/generic/tex4ht/unicode.4ht
version 2024-12-15-07:18
) (e:/texlive/2025/texmf-dist/tex/generic/tex4ht/html4-math.4ht
version 2024-09-27-10:13
) (e:/texlive/2025/texmf-dist/tex/generic/tex4ht/html5.4ht
version 2025-06-15-07:36
)
--------------------------------------
--- Note --- for marking of the base font, use the command line option `fonts+'

--------------------------------------
--------------------------------------
--- Note --- for non active _, use the command line option `no_'
--------------------------------------
--------------------------------------
--- Note --- for _ of catcode 13, use the command line option `_13'
--------------------------------------
--------------------------------------
--- Note --- for non active ^, use the command line option `no^'
--------------------------------------
--------------------------------------
--- Note --- for ^ of catcode 13, use the command line option `^13'
--------------------------------------
(e:/texlive/2025/texmf-dist/tex/generic/tex4ht/html4.4ht
version 2025-06-17-13:24
--------------------------------------
--- Note --- to ignore CSS font decoration, use the `NoFonts' command line opti
on
--------------------------------------
--------------------------------------
--- Note --- for jpg bitmaps of pictures, use the `jpg' command line option. (C
haracter bitmaps are controled only by `g' records of tex4ht.env and `-g' switc
hes of tex4ht.c) 
--------------------------------------
--------------------------------------
--- Note --- for gif bitmaps of pictures, use the `gif' command line option. (C
haracter bitmaps are controled only by `g' records of tex4ht.env and `-g' switc
hes of tex4ht.c) 
--------------------------------------
--------------------------------------
--- Note --- for content and toc in 2 frames, use the command line option `fram
es'
--------------------------------------
--------------------------------------
--- Note --- for content, toc, and footnotes in 3 frames, use the command line 
option `frames-fn'
--------------------------------------
--------------------------------------
--- Note --- for file extension name xht, use the command line option `xht'
--------------------------------------
TeX4ht package options: xhtml,mathjax,charset=utf-8,html5,html
--------------------------------------
--- Note --- To print a timestamp, use the command line option timestamp
--------------------------------------
--------------------------------------
--- Note --- to ignore CSS code, use the command line option `-css
--------------------------------------
--------------------------------------
--- Note --- for inline CSS code, use the command line option `css-in'
--------------------------------------
--------------------------------------
--- Note --- for pop ups on mouse over, use the command line option `mouseover'

--------------------------------------
--------------------------------------
--- Note --- for addressing images in a subdirectory, use the command line opti
on `imgdir:.../'
--------------------------------------
) (e:/texlive/2025/texmf-dist/tex/generic/tex4ht/unicode.4ht
version 2024-12-15-07:18
) (e:/texlive/2025/texmf-dist/tex/generic/tex4ht/html4-math.4ht
version 2024-09-27-10:13
) (e:/texlive/2025/texmf-dist/tex/generic/tex4ht/html5.4ht
version 2025-06-15-07:36
--------------------------------------
--- Note --- To print a timestamp, use the command line option timestamp
--------------------------------------
--------------------------------------
--- Note --- We use a default CSS style. Use the `nostyle' option if you want t
o use custom a CSS design
--------------------------------------
)
\:tokwrite=\toks37
\:tokpage=\toks38
--------------------------------------
--- Note --- for back links to toc, use the command line option `sections+'
--------------------------------------
--------------------------------------
--- Note --- for linear crosslinks of pages, use the command line option `next'

--------------------------------------
\openout15 = `main.4ct'.

\:tocout=\write6
\openout6 = `main.4tc'.

(main.4tc) (e:/texlive/2025/texmf-dist/tex/generic/tex4ht/html4.4ht
version 2025-06-17-13:24
) (e:/texlive/2025/texmf-dist/tex/generic/tex4ht/unicode.4ht
version 2024-12-15-07:18
) (e:/texlive/2025/texmf-dist/tex/generic/tex4ht/html4-math.4ht
version 2024-09-27-10:13
) (e:/texlive/2025/texmf-dist/tex/generic/tex4ht/html5.4ht
version 2025-06-15-07:36
) (e:/texlive/2025/texmf-dist/tex/generic/tex4ht/latex.4ht
version 2025-06-11-13:51
LaTeX Info: Redefining \_ on input line 180.
LaTeX Info: Redefining \begin on input line 626.
LaTeX Info: Redefining \end on input line 674.
LaTeX Info: Redefining \, on input line 836.
LaTeX Info: Redefining \; on input line 837.
LaTeX Info: Redefining \! on input line 838.
LaTeX Info: Redefining \: on input line 839.
LaTeX Info: Redefining \> on input line 840.
--------------------------------------
--- Note --- for links into captions, instead of float heads, use the command l
ine option `refcaption'
--------------------------------------
(e:/texlive/2025/texmf-dist/tex/generic/tex4ht/html4.4ht
version 2025-06-17-13:24
) (e:/texlive/2025/texmf-dist/tex/generic/tex4ht/unicode.4ht
version 2024-12-15-07:18
) (e:/texlive/2025/texmf-dist/tex/generic/tex4ht/html4-math.4ht
version 2024-09-27-10:13
) (e:/texlive/2025/texmf-dist/tex/generic/tex4ht/html5.4ht
version 2025-06-15-07:36
) (e:/texlive/2025/texmf-dist/tex/generic/tex4ht/html4.4ht
version 2025-06-17-13:24
--------------------------------------
--- Note --- For mini tocs immediately aftter the header use the command line o
ption `minitoc<'
--------------------------------------
--------------------------------------
--- Note --- For full TOC on each page compatible with the collapsetoc DOM filt
er, use the `fulltoc' command line option.
--------------------------------------
--------------------------------------
--- Note --- for enumerated list elements with valued data, use the command lin
e option `enumerate+'
--------------------------------------
--------------------------------------
--- Note --- for enumerated list elements li's with value attributes, use the c
ommand line option `enumerate-'
--------------------------------------
--------------------------------------
--- Note --- for CSS2 code, use the command line option `css2'
--------------------------------------
--------------------------------------
--- Note --- for pictorial tabular, use the command line option `pic-tabular'
--------------------------------------
--------------------------------------
--- Note --- for bitmap fbox'es, use the command line option `pic-fbox'
--------------------------------------
--------------------------------------
--- Note --- for minipage with width, use the command line option `minipage-wid
th'
--------------------------------------
--------------------------------------
--- Note --- for bitmap framebox'es, use the command line option `pic-framebox'

--------------------------------------
--------------------------------------
--- Note --- for inline footnotes use command line option `fn-in'
--------------------------------------
--------------------------------------
--- Note --- for tracing of latex font commands, use the command line option `f
onts'
--------------------------------------
--------------------------------------
--- Note --- for width specifications of tabular p entries, use the `p-width' c
ommand line option or a configuration similar to \Configure{HColWidth}{\HCode{ 
style="width:\HColWidth"}}
--------------------------------------
) (e:/texlive/2025/texmf-dist/tex/generic/tex4ht/unicode.4ht
version 2024-12-15-07:18
) (e:/texlive/2025/texmf-dist/tex/generic/tex4ht/html4-math.4ht
version 2024-09-27-10:13
--------------------------------------
--- Note --- for pictorial eqnarray, use the command line option `pic-eqnarray'

--------------------------------------
--------------------------------------
--- Note --- for pictorial array, use the command line option `pic-array'
--------------------------------------
--------------------------------------
--- Note --- for pictorial $...$ environments, use the command line option `pic
-m' (not recommended!!)
--------------------------------------
--------------------------------------
--- Note --- for pictorial $...$ and $$...$$ environments with latex alt, use t
he command line option `pic-m+' (not safe!!)
--------------------------------------
--------------------------------------
--- Note --- for pictorial array, use the command line option `pic-array'
--------------------------------------
(e:/texlive/2025/texmf-dist/tex/generic/tex4ht/mathjax-latex-4ht.4ht
version 2025-01-26-07:11
)) (e:/texlive/2025/texmf-dist/tex/generic/tex4ht/html5.4ht
version 2025-06-15-07:36
)) (e:/texlive/2025/texmf-dist/tex/generic/tex4ht/fontmath.4ht
version 2022-10-25-13:59
(e:/texlive/2025/texmf-dist/tex/generic/tex4ht/html4.4ht
version 2025-06-17-13:24
) (e:/texlive/2025/texmf-dist/tex/generic/tex4ht/unicode.4ht
version 2024-12-15-07:18
) (e:/texlive/2025/texmf-dist/tex/generic/tex4ht/html4-math.4ht
version 2024-09-27-10:13
) (e:/texlive/2025/texmf-dist/tex/generic/tex4ht/html5.4ht
version 2025-06-15-07:36
)) (e:/texlive/2025/texmf-dist/tex/generic/tex4ht/article.4ht
version 2023-04-10-13:46
(e:/texlive/2025/texmf-dist/tex/generic/tex4ht/html4.4ht
version 2025-06-17-13:24
--------------------------------------
--- Note --- for automatic sectioning pagination, use the command line option `
1', `2', `3', '4', '5', '6', or '7'
--------------------------------------
--------------------------------------
--- Note --- for files named derived from section titles, use the command line 
option `sec-filename'
--------------------------------------
--------------------------------------
--- Note --- for i-columns index, use the command line option `index=i' (e.g., 
index=2)
--------------------------------------
) (e:/texlive/2025/texmf-dist/tex/generic/tex4ht/unicode.4ht
version 2024-12-15-07:18
) (e:/texlive/2025/texmf-dist/tex/generic/tex4ht/html4-math.4ht
version 2024-09-27-10:13
) (e:/texlive/2025/texmf-dist/tex/generic/tex4ht/html5.4ht
version 2025-06-15-07:36
)) (e:/texlive/2025/texmf-dist/tex/generic/tex4ht/graphicx.4ht
version 2022-01-12-13:53
(e:/texlive/2025/texmf-dist/tex/generic/tex4ht/html4.4ht
version 2025-06-17-13:24
) (e:/texlive/2025/texmf-dist/tex/generic/tex4ht/unicode.4ht
version 2024-12-15-07:18
) (e:/texlive/2025/texmf-dist/tex/generic/tex4ht/html4-math.4ht
version 2024-09-27-10:13
) (e:/texlive/2025/texmf-dist/tex/generic/tex4ht/html5.4ht
version 2025-06-15-07:36
)) (e:/texlive/2025/texmf-dist/tex/generic/tex4ht/graphics.4ht
version 2024-03-07-13:56
(e:/texlive/2025/texmf-dist/tex/generic/tex4ht/html4.4ht
version 2025-06-17-13:24
--------------------------------------
--- Note --- if included graphics are of degraded quality, try the command line
 options `graphics-num' or `graphics-'. The `num' should provide the density of
 pixels in the bitmaps (e.g., 110). 
--------------------------------------
--------------------------------------
--- Note --- for setting image dimensions, try the option `Gin-dim'; to use per
cents instead of units, use `Gin-perecent'; for key dimensions when bounding bo
x is unavailable try `Gin-dim+'; neither is recommended
--------------------------------------
) (e:/texlive/2025/texmf-dist/tex/generic/tex4ht/unicode.4ht
version 2024-12-15-07:18
) (e:/texlive/2025/texmf-dist/tex/generic/tex4ht/html4-math.4ht
version 2024-09-27-10:13
) (e:/texlive/2025/texmf-dist/tex/generic/tex4ht/html5.4ht
version 2025-06-15-07:36
)) (e:/texlive/2025/texmf-dist/tex/generic/tex4ht/dvips.4ht
version 2009-05-21-09:32
(e:/texlive/2025/texmf-dist/tex/generic/tex4ht/html4.4ht
version 2025-06-17-13:24
) (e:/texlive/2025/texmf-dist/tex/generic/tex4ht/unicode.4ht
version 2024-12-15-07:18
) (e:/texlive/2025/texmf-dist/tex/generic/tex4ht/html4-math.4ht
version 2024-09-27-10:13
) (e:/texlive/2025/texmf-dist/tex/generic/tex4ht/html5.4ht
version 2025-06-15-07:36
)) (e:/texlive/2025/texmf-dist/tex/generic/tex4ht/amsmath.4ht
version 2025-01-08-13:38
\tmp:muskip=\muskip23
(e:/texlive/2025/texmf-dist/tex/generic/tex4ht/html4.4ht
version 2025-06-17-13:24
) (e:/texlive/2025/texmf-dist/tex/generic/tex4ht/unicode.4ht
version 2024-12-15-07:18
) (e:/texlive/2025/texmf-dist/tex/generic/tex4ht/html4-math.4ht
version 2024-09-27-10:13
) (e:/texlive/2025/texmf-dist/tex/generic/tex4ht/html5.4ht
version 2025-06-15-07:36
)) (e:/texlive/2025/texmf-dist/tex/generic/tex4ht/amstext.4ht
version 2009-05-21-09:32
(e:/texlive/2025/texmf-dist/tex/generic/tex4ht/html4.4ht
version 2025-06-17-13:24
) (e:/texlive/2025/texmf-dist/tex/generic/tex4ht/unicode.4ht
version 2024-12-15-07:18
) (e:/texlive/2025/texmf-dist/tex/generic/tex4ht/html4-math.4ht
version 2024-09-27-10:13
) (e:/texlive/2025/texmf-dist/tex/generic/tex4ht/html5.4ht
version 2025-06-15-07:36
)) (e:/texlive/2025/texmf-dist/tex/generic/tex4ht/amsbsy.4ht
version 2009-05-21-09:32
(e:/texlive/2025/texmf-dist/tex/generic/tex4ht/html4.4ht
version 2025-06-17-13:24
) (e:/texlive/2025/texmf-dist/tex/generic/tex4ht/unicode.4ht
version 2024-12-15-07:18
) (e:/texlive/2025/texmf-dist/tex/generic/tex4ht/html4-math.4ht
version 2024-09-27-10:13
) (e:/texlive/2025/texmf-dist/tex/generic/tex4ht/html5.4ht
version 2025-06-15-07:36
)) (e:/texlive/2025/texmf-dist/tex/generic/tex4ht/amsopn.4ht
version 2009-05-21-09:32
(e:/texlive/2025/texmf-dist/tex/generic/tex4ht/html4.4ht
version 2025-06-17-13:24
) (e:/texlive/2025/texmf-dist/tex/generic/tex4ht/unicode.4ht
version 2024-12-15-07:18
) (e:/texlive/2025/texmf-dist/tex/generic/tex4ht/html4-math.4ht
version 2024-09-27-10:13
) (e:/texlive/2025/texmf-dist/tex/generic/tex4ht/html5.4ht
version 2025-06-15-07:36
)) (e:/texlive/2025/texmf-dist/tex/generic/tex4ht/pgf.4ht
version 2009-05-21-09:32
(e:/texlive/2025/texmf-dist/tex/generic/tex4ht/html4.4ht
version 2025-06-17-13:24
) (e:/texlive/2025/texmf-dist/tex/generic/tex4ht/unicode.4ht
version 2024-12-15-07:18
) (e:/texlive/2025/texmf-dist/tex/generic/tex4ht/html4-math.4ht
version 2024-09-27-10:13
) (e:/texlive/2025/texmf-dist/tex/generic/tex4ht/html5.4ht
version 2025-06-15-07:36
)) (e:/texlive/2025/texmf-dist/tex/generic/tex4ht/xcolor.4ht
version 2025-06-05-13:26
(e:/texlive/2025/texmf-dist/tex/generic/tex4ht/color.4ht
version 2025-06-05-13:26
(e:/texlive/2025/texmf-dist/tex/generic/tex4ht/html4.4ht
version 2025-06-17-13:24
) (e:/texlive/2025/texmf-dist/tex/generic/tex4ht/unicode.4ht
version 2024-12-15-07:18
) (e:/texlive/2025/texmf-dist/tex/generic/tex4ht/html4-math.4ht
version 2024-09-27-10:13
) (e:/texlive/2025/texmf-dist/tex/generic/tex4ht/html5.4ht
version 2025-06-15-07:36
)) (e:/texlive/2025/texmf-dist/tex/generic/tex4ht/html4.4ht
version 2025-06-17-13:24
) (e:/texlive/2025/texmf-dist/tex/generic/tex4ht/unicode.4ht
version 2024-12-15-07:18
) (e:/texlive/2025/texmf-dist/tex/generic/tex4ht/html4-math.4ht
version 2024-09-27-10:13
) (e:/texlive/2025/texmf-dist/tex/generic/tex4ht/html5.4ht
version 2025-06-15-07:36
)) (e:/texlive/2025/texmf-dist/tex/generic/tex4ht/color.4ht
version 2025-06-05-13:26
) (e:/texlive/2025/texmf-dist/tex/generic/tex4ht/biblatex.4ht
version 2023-12-11-13:31
\sv:sec:cnt=\count455
\c@bib=\count456
\blx@unitmark=\skip77
(e:/texlive/2025/texmf-dist/tex/generic/tex4ht/html4.4ht
version 2025-06-17-13:24
) (e:/texlive/2025/texmf-dist/tex/generic/tex4ht/unicode.4ht
version 2024-12-15-07:18
) (e:/texlive/2025/texmf-dist/tex/generic/tex4ht/html4-math.4ht
version 2024-09-27-10:13
) (e:/texlive/2025/texmf-dist/tex/generic/tex4ht/html5.4ht
version 2025-06-15-07:36
)) (e:/texlive/2025/texmf-dist/tex/generic/tex4ht/ifthen.4ht
version 2025-06-16-13:44
(e:/texlive/2025/texmf-dist/tex/generic/tex4ht/html4.4ht
version 2025-06-17-13:24
) (e:/texlive/2025/texmf-dist/tex/generic/tex4ht/unicode.4ht
version 2024-12-15-07:18
) (e:/texlive/2025/texmf-dist/tex/generic/tex4ht/html4-math.4ht
version 2024-09-27-10:13
) (e:/texlive/2025/texmf-dist/tex/generic/tex4ht/html5.4ht
version 2025-06-15-07:36
)) (e:/texlive/2025/texmf-dist/tex/generic/tex4ht/url.4ht
version 2023-02-19-10:11
(e:/texlive/2025/texmf-dist/tex/generic/tex4ht/html4.4ht
version 2025-06-17-13:24
--------------------------------------
--- Note --- for URL encoding within href use the command line option `url-enc'

--------------------------------------
) (e:/texlive/2025/texmf-dist/tex/generic/tex4ht/unicode.4ht
version 2024-12-15-07:18
) (e:/texlive/2025/texmf-dist/tex/generic/tex4ht/html4-math.4ht
version 2024-09-27-10:13
) (e:/texlive/2025/texmf-dist/tex/generic/tex4ht/html5.4ht
version 2025-06-15-07:36
)) (e:/texlive/2025/texmf-dist/tex/generic/tex4ht/hyperref.4ht
version 2025-06-16-13:44
LaTeX Info: Redefining \autoref on input line 88.
\Hy@SectionHShift=\skip78
(e:/texlive/2025/texmf-dist/tex/generic/tex4ht/html4.4ht
version 2025-06-17-13:24
) (e:/texlive/2025/texmf-dist/tex/generic/tex4ht/unicode.4ht
version 2024-12-15-07:18
) (e:/texlive/2025/texmf-dist/tex/generic/tex4ht/html4-math.4ht
version 2024-09-27-10:13
) (e:/texlive/2025/texmf-dist/tex/generic/tex4ht/html5.4ht
version 2025-06-15-07:36
)) (e:/texlive/2025/texmf-dist/tex/generic/tex4ht/nameref.4ht
version 2025-03-03-13:56
(e:/texlive/2025/texmf-dist/tex/generic/tex4ht/html4.4ht
version 2025-06-17-13:24
) (e:/texlive/2025/texmf-dist/tex/generic/tex4ht/unicode.4ht
version 2024-12-15-07:18
) (e:/texlive/2025/texmf-dist/tex/generic/tex4ht/html4-math.4ht
version 2024-09-27-10:13
) (e:/texlive/2025/texmf-dist/tex/generic/tex4ht/html5.4ht
version 2025-06-15-07:36
)) (e:/texlive/2025/texmf-dist/tex/generic/tex4ht/pd1enc.4ht
version 2009-05-21-09:32
(e:/texlive/2025/texmf-dist/tex/generic/tex4ht/html4.4ht
version 2025-06-17-13:24
) (e:/texlive/2025/texmf-dist/tex/generic/tex4ht/unicode.4ht
version 2024-12-15-07:18
) (e:/texlive/2025/texmf-dist/tex/generic/tex4ht/html4-math.4ht
version 2024-09-27-10:13
) (e:/texlive/2025/texmf-dist/tex/generic/tex4ht/html5.4ht
version 2025-06-15-07:36
)) (e:/texlive/2025/texmf-dist/tex/generic/tex4ht/html4.4ht
version 2025-06-17-13:24
) (e:/texlive/2025/texmf-dist/tex/generic/tex4ht/unicode.4ht
version 2024-12-15-07:18
) (e:/texlive/2025/texmf-dist/tex/generic/tex4ht/html4-math.4ht
version 2024-09-27-10:13
) (e:/texlive/2025/texmf-dist/tex/generic/tex4ht/html5.4ht
version 2025-06-15-07:36
))

Package biblatex Warning: Patching footnotes failed.
(biblatex)                Footnote detection will not work.

\@quotelevel=\count457
\@quotereset=\count458
(./main.aux)
\openout1 = `main.aux'.

LaTeX Font Info:    Checking defaults for OML/cmm/m/it on input line 13.
LaTeX Font Info:    ... okay on input line 13.
LaTeX Font Info:    Checking defaults for OMS/cmsy/m/n on input line 13.
LaTeX Font Info:    ... okay on input line 13.
LaTeX Font Info:    Checking defaults for OT1/cmr/m/n on input line 13.
LaTeX Font Info:    ... okay on input line 13.
LaTeX Font Info:    Checking defaults for T1/cmr/m/n on input line 13.
LaTeX Font Info:    ... okay on input line 13.
LaTeX Font Info:    Checking defaults for TS1/cmr/m/n on input line 13.
LaTeX Font Info:    ... okay on input line 13.
LaTeX Font Info:    Checking defaults for OMX/cmex/m/n on input line 13.
LaTeX Font Info:    ... okay on input line 13.
LaTeX Font Info:    Checking defaults for U/cmr/m/n on input line 13.
LaTeX Font Info:    ... okay on input line 13.
LaTeX Font Info:    Checking defaults for PD1/pdf/m/n on input line 13.
LaTeX Font Info:    ... okay on input line 13.
LaTeX Font Info:    Checking defaults for PU/pdf/m/n on input line 13.
LaTeX Font Info:    ... okay on input line 13.
Package biblatex Info: Trying to load language 'english'...
Package biblatex Info: ... file 'english.lbx' found.
(e:/texlive/2025/texmf-dist/tex/latex/biblatex/lbx/english.lbx
File: english.lbx 2024/03/21 v3.20 biblatex localization (PK/MW)
)
Package biblatex Info: Input encoding 'utf8' detected.
Package biblatex Info: Automatic encoding selection.
(biblatex)             Assuming data encoding 'utf8'.
\openout4 = `main.bcf'.

Package biblatex Info: Trying to load bibliographic data...
Package biblatex Info: ... file 'main.bbl' not found.
No file main.bbl.
Package biblatex Info: Reference section=0 on input line 13.
Package biblatex Info: Reference segment=0 on input line 13.
Package hyperref Info: Link coloring ON on input line 13.
--- file main.css ---


[1

]

[2] (./main.4ct)

[3]

LaTeX Warning: Citation 'herstein1975topics' on page 4 undefined on input line 
23.


LaTeX Warning: Citation 'dummit2004abstract' on page 4 undefined on input line 
36.



[4]
l. 54 Writing main.idv[1] (main0x.svg)


[5]
l. 93 Writing main.idv[2] (main1x.svg)


[6]
l. 120 Writing main.idv[3] (main2x.svg)


[7]

[8]

LaTeX Warning: Empty bibliography on input line 167.



[9] (./main.aux)
 ***********
LaTeX2e <2025-06-01> patch level 1
L3 programming layer <2025-05-26>
 ***********

LaTeX Warning: There were undefined references.


Package biblatex Warning: Please (re)run Biber on the file:
(biblatex)                main
(biblatex)                and rerun LaTeX afterwards.

Package logreq Info: Writing requests to 'main.run.xml'.
\openout1 = `main.run.xml'.

 ) 
Here is how much of TeX's memory you used:
 31748 strings out of 467887
 578228 string characters out of 5438244
 1430706 words of memory out of 5000000
 59694 multiletter control sequences out of 15000+600000
 632711 words of font info for 61 fonts, out of 8000000 for 9000
 1141 hyphenation exceptions out of 8191
 92i,6n,107p,1337b,1344s stack positions out of 10000i,1000n,20000p,200000b,200000s

Output written on main.dvi (9 pages, 55640 bytes).
